<?xml version="1.0" encoding="UTF-8"?>
<!-- Generated by org.testng.reporters.JUnitReportReporter -->
<testsuite hostname="Pramod" name="com.hrms.testscripts.TC_101" tests="1" failures="0" timestamp="22 May 2018 19:47:45 GMT" time="26.437" errors="0">
  <testcase name="tc_101" time="26.437" classname="com.hrms.testscripts.TC_101"/>
</testsuite> <!-- com.hrms.testscripts.TC_101 -->
